<?xml version="1.0" encoding="UTF-8"?>
<!-- Generated by org.testng.reporters.JUnitReportReporter -->
<testsuite skipped="0" hostname="asda1701po02529" name="tatoc.Tatoc" tests="6" failures="0" timestamp="09 Feb 2018 05:05:03 GMT" time="2.006" errors="0">
  <testcase name="HomePage" time="0.131" classname="tatoc.Tatoc"/>
  <testcase name="GreenBox" time="0.120" classname="tatoc.Tatoc"/>
  <testcase name="iframe" time="1.117" classname="tatoc.Tatoc"/>
  <testcase name="drag_n_drop" time="0.182" classname="tatoc.Tatoc"/>
  <testcase name="window_handler" time="0.291" classname="tatoc.Tatoc"/>
  <testcase name="cookie" time="0.165" classname="tatoc.Tatoc"/>
</testsuite> <!-- tatoc.Tatoc -->
