<?xml version="1.0" encoding="UTF-8"?>
<!-- Generated by org.testng.reporters.JUnitReportReporter -->
<testsuite skipped="0" hostname="asda1701po02529" name="tatoc.Tatoc" tests="6" failures="0" timestamp="09 Feb 2018 06:26:51 GMT" time="24.427" errors="0">
  <testcase name="HomePage" time="1.128" classname="tatoc.Tatoc"/>
  <testcase name="GreenBox" time="1.118" classname="tatoc.Tatoc"/>
  <testcase name="iframe" time="11.539" classname="tatoc.Tatoc"/>
  <testcase name="drag_n_drop" time="3.199" classname="tatoc.Tatoc"/>
  <testcase name="window_handler" time="4.296" classname="tatoc.Tatoc"/>
  <testcase name="cookie" time="3.147" classname="tatoc.Tatoc"/>
</testsuite> <!-- tatoc.Tatoc -->
